0 info it worked if it ends with ok
1 verbose cli [ 'D:\\node\\node.exe',
1 verbose cli   'D:\\node\\node_modules\\npm\\bin\\npm-cli.js',
1 verbose cli   'run',
1 verbose cli   'dev' ]
2 info using npm@3.10.8
3 info using node@v6.9.1
4 verbose run-script [ 'predev', 'dev', 'postdev' ]
5 info lifecycle webwork@1.0.0~predev: webwork@1.0.0
6 silly lifecycle webwork@1.0.0~predev: no script for predev, continuing
7 info lifecycle webwork@1.0.0~dev: webwork@1.0.0
8 verbose lifecycle webwork@1.0.0~dev: unsafe-perm in lifecycle true
9 verbose lifecycle webwork@1.0.0~dev: PATH: D:\node\node_modules\npm\bin\node-gyp-bin;D:\WorkSpace\designPattern\webwork\node_modules\.bin;C:\Users\gezhonghao\bin;D:\git\gitInstall\Git\mingw64\bin;D:\git\gitInstall\Git\usr\local\bin;D:\git\gitInstall\Git\usr\bin;D:\git\gitInstall\Git\usr\bin;D:\git\gitInstall\Git\mingw64\bin;D:\git\gitInstall\Git\usr\bin;C:\Users\gezhonghao\bin;D:\python\pythonInstall;D:\python\pythonInstall\Scripts;C:\WINDOWS\system32;C:\WINDOWS;C:\WINDOWS\System32\Wbem;C:\WINDOWS\System32\WindowsPowerShell\v1.0;D:\git\gitInstall\Git\cmd;C:\WINDOWS\system32\config\systemprofile\.dnx\bin;C:\Program Files\Microsoft DNX\Dnvm;C:\Program Files (x86)\Windows Kits\8.1\Windows Performance Toolkit;C:\Program Files\Microsoft SQL Server\120\Tools\Binn;C:\Program Files\Microsoft SQL Server\130\Tools\Binn;D:\node;D:\putty;C:\WINDOWS\System32\OpenSSH;D:\python\pythonInstall\Scripts;D:\python\pythonInstall;C:\Users\gezhonghao\AppData\Local\Microsoft\WindowsApps;D:\vsCode\vsCodeInstall\Microsoft VS Code\bin;C:\Users\gezhonghao\AppData\Local\GitHubDesktop\bin;C:\Users\gezhonghao\AppData\Roaming\npm;%USERPROFILE%\AppData\Local\Microsoft\WindowsApps;D:\fiddler;D:\git\gitInstall\Git\usr\bin\vendor_perl;D:\git\gitInstall\Git\usr\bin\core_perl
10 verbose lifecycle webwork@1.0.0~dev: CWD: D:\WorkSpace\designPattern\webwork
11 silly lifecycle webwork@1.0.0~dev: Args: [ '/d /s /c', 'node ./index.js' ]
12 silly lifecycle webwork@1.0.0~dev: Returned: code: 1  signal: null
13 info lifecycle webwork@1.0.0~dev: Failed to exec dev script
14 verbose stack Error: webwork@1.0.0 dev: `node ./index.js`
14 verbose stack Exit status 1
14 verbose stack     at EventEmitter.<anonymous> (D:\node\node_modules\npm\lib\utils\lifecycle.js:255:16)
14 verbose stack     at emitTwo (events.js:106:13)
14 verbose stack     at EventEmitter.emit (events.js:191:7)
14 verbose stack     at ChildProcess.<anonymous> (D:\node\node_modules\npm\lib\utils\spawn.js:40:14)
14 verbose stack     at emitTwo (events.js:106:13)
14 verbose stack     at ChildProcess.emit (events.js:191:7)
14 verbose stack     at maybeClose (internal/child_process.js:877:16)
14 verbose stack     at Process.ChildProcess._handle.onexit (internal/child_process.js:226:5)
15 verbose pkgid webwork@1.0.0
16 verbose cwd D:\WorkSpace\designPattern\webwork
17 error Windows_NT 10.0.17134
18 error argv "D:\\node\\node.exe" "D:\\node\\node_modules\\npm\\bin\\npm-cli.js" "run" "dev"
19 error node v6.9.1
20 error npm  v3.10.8
21 error code ELIFECYCLE
22 error webwork@1.0.0 dev: `node ./index.js`
22 error Exit status 1
23 error Failed at the webwork@1.0.0 dev script 'node ./index.js'.
23 error Make sure you have the latest version of node.js and npm installed.
23 error If you do, this is most likely a problem with the webwork package,
23 error not with npm itself.
23 error Tell the author that this fails on your system:
23 error     node ./index.js
23 error You can get information on how to open an issue for this project with:
23 error     npm bugs webwork
23 error Or if that isn't available, you can get their info via:
23 error     npm owner ls webwork
23 error There is likely additional logging output above.
24 verbose exit [ 1, true ]
