0 silly argv { _: [ 'version' ], lernaVersion: '4.0.0', '$0': 'lerna' }
1 notice cli v4.0.0
2 verbose rootPath /Users/web/Documents/workspace/gzh/gzhLearn/designPattern/vite_source
3 info current version 0.0.0
4 silly isAnythingCommitted
5 verbose isAnythingCommitted 1
6 silly getCurrentBranch
7 verbose currentBranch master
8 silly remoteBranchExists
9 silly isBehindUpstream
10 error Error: Command failed with exit code 1: git remote update
10 error fatal: unable to access 'https://github.com/webgzh907247189/designPattern.git/': Empty reply from server
10 error error: Could not fetch origin
10 error Fetching origin
10 error     at makeError (/usr/local/lib/node_modules/lerna/node_modules/execa/lib/error.js:60:11)
10 error     at Function.module.exports.sync (/usr/local/lib/node_modules/lerna/node_modules/execa/index.js:194:17)
10 error     at Object.execSync (/usr/local/lib/node_modules/lerna/node_modules/@lerna/child-process/index.js:39:16)
10 error     at updateRemote (/usr/local/lib/node_modules/lerna/node_modules/@lerna/version/lib/is-behind-upstream.js:34:16)
10 error     at isBehindUpstream (/usr/local/lib/node_modules/lerna/node_modules/@lerna/version/lib/is-behind-upstream.js:16:3)
10 error     at VersionCommand.initialize (/usr/local/lib/node_modules/lerna/node_modules/@lerna/version/index.js:153:9)
